<?xml version="1.0" encoding="UTF-8"?>
<testng-results ignored="2" total="7" passed="5" failed="0" skipped="0">
  <reporter-output>
  </reporter-output>
  <suite started-at="2022-09-30T14:47:36 IST" name="Suite" finished-at="2022-09-30T14:48:00 IST" duration-ms="23529">
    <groups>
      <group name="cucumber">
        <method signature="AbstractTestNGCucumberTests.runScenario(io.cucumber.testng.PickleWrapper,io.cucumber.testng.FeatureWrapper)[pri:0, instance:com.leafBot.testcases.TC001_LoginLogOut@8519cb4]" name="runScenario" class="io.cucumber.testng.AbstractTestNGCucumberTests"/>
        <method signature="AbstractTestNGCucumberTests.runScenario(io.cucumber.testng.PickleWrapper,io.cucumber.testng.FeatureWrapper)[pri:0, instance:com.leafBot.testcases.TC002_LoginForFailure@18271936]" name="runScenario" class="io.cucumber.testng.AbstractTestNGCucumberTests"/>
      </group> <!-- cucumber -->
    </groups>
    <test started-at="2022-09-30T14:47:36 IST" name="Test" finished-at="2022-09-30T14:48:00 IST" duration-ms="23529">
      <class name="com.leafBot.testcases.TC001_LoginLogOut">
        <test-method is-config="true" signature="startReport()[pri:0, instance:com.leafBot.testcases.TC001_LoginLogOut@8519cb4]" started-at="2022-09-30T14:47:36 IST" name="startReport" finished-at="2022-09-30T14:47:36 IST" duration-ms="216" status="PASS">
          <reporter-output>
          </reporter-output>
        </test-method> <!-- startReport -->
        <test-method is-config="true" signature="setValues()[pri:0, instance:com.leafBot.testcases.TC001_LoginLogOut@8519cb4]" started-at="2022-09-30T14:47:36 IST" name="setValues" finished-at="2022-09-30T14:47:36 IST" duration-ms="1" status="PASS">
          <reporter-output>
          </reporter-output>
        </test-method> <!-- setValues -->
        <test-method is-config="true" signature="setUpClass()[pri:0, instance:com.leafBot.testcases.TC001_LoginLogOut@8519cb4]" started-at="2022-09-30T14:47:37 IST" name="setUpClass" finished-at="2022-09-30T14:47:37 IST" duration-ms="346" status="PASS">
          <reporter-output>
          </reporter-output>
        </test-method> <!-- setUpClass -->
        <test-method is-config="true" signature="report()[pri:0, instance:com.leafBot.testcases.TC001_LoginLogOut@8519cb4]" started-at="2022-09-30T14:47:37 IST" name="report" finished-at="2022-09-30T14:47:37 IST" duration-ms="10" status="PASS">
          <reporter-output>
          </reporter-output>
        </test-method> <!-- report -->
        <test-method is-config="true" signature="beforeMethod()[pri:0, instance:com.leafBot.testcases.TC001_LoginLogOut@8519cb4]" started-at="2022-09-30T14:47:38 IST" name="beforeMethod" finished-at="2022-09-30T14:47:43 IST" duration-ms="5218" status="PASS">
          <reporter-output>
          </reporter-output>
        </test-method> <!-- beforeMethod -->
        <test-method signature="createLeaf(java.lang.String,java.lang.String)[pri:0, instance:com.leafBot.testcases.TC001_LoginLogOut@8519cb4]" started-at="2022-09-30T14:47:43 IST" name="createLeaf" data-provider="fetchData" finished-at="2022-09-30T14:47:45 IST" duration-ms="2271" status="PASS">
          <params>
            <param index="0">
              <value>
                <![CDATA[DemoCSR]]>
              </value>
            </param>
            <param index="1">
              <value>
                <![CDATA[crmsfa]]>
              </value>
            </param>
          </params>
          <reporter-output>
          </reporter-output>
        </test-method> <!-- createLeaf -->
        <test-method is-config="true" signature="afterMethod()[pri:0, instance:com.leafBot.testcases.TC001_LoginLogOut@8519cb4]" started-at="2022-09-30T14:47:45 IST" name="afterMethod" finished-at="2022-09-30T14:47:48 IST" duration-ms="2602" status="PASS">
          <reporter-output>
          </reporter-output>
        </test-method> <!-- afterMethod -->
        <test-method is-config="true" signature="tearDownClass()[pri:0, instance:com.leafBot.testcases.TC001_LoginLogOut@8519cb4]" started-at="2022-09-30T14:47:48 IST" name="tearDownClass" finished-at="2022-09-30T14:47:48 IST" duration-ms="39" status="PASS">
          <reporter-output>
          </reporter-output>
        </test-method> <!-- tearDownClass -->
        <test-method is-config="true" signature="stopReport()[pri:0, instance:com.leafBot.testcases.TC001_LoginLogOut@8519cb4]" started-at="2022-09-30T14:48:00 IST" name="stopReport" finished-at="2022-09-30T14:48:00 IST" duration-ms="415" status="PASS">
          <reporter-output>
          </reporter-output>
        </test-method> <!-- stopReport -->
      </class> <!-- com.leafBot.testcases.TC001_LoginLogOut -->
      <class name="com.leafBot.testcases.TC002_LoginForFailure">
        <test-method is-config="true" signature="setValues()[pri:0, instance:com.leafBot.testcases.TC002_LoginForFailure@18271936]" started-at="2022-09-30T14:47:36 IST" name="setValues" finished-at="2022-09-30T14:47:36 IST" duration-ms="0" status="PASS">
          <reporter-output>
          </reporter-output>
        </test-method> <!-- setValues -->
        <test-method is-config="true" signature="setUpClass()[pri:0, instance:com.leafBot.testcases.TC002_LoginForFailure@18271936]" started-at="2022-09-30T14:47:37 IST" name="setUpClass" finished-at="2022-09-30T14:47:37 IST" duration-ms="346" status="PASS">
          <reporter-output>
          </reporter-output>
        </test-method> <!-- setUpClass -->
        <test-method is-config="true" signature="report()[pri:0, instance:com.leafBot.testcases.TC002_LoginForFailure@18271936]" started-at="2022-09-30T14:47:37 IST" name="report" finished-at="2022-09-30T14:47:37 IST" duration-ms="10" status="PASS">
          <reporter-output>
          </reporter-output>
        </test-method> <!-- report -->
        <test-method is-config="true" signature="beforeMethod()[pri:0, instance:com.leafBot.testcases.TC002_LoginForFailure@18271936]" started-at="2022-09-30T14:47:38 IST" name="beforeMethod" finished-at="2022-09-30T14:47:43 IST" duration-ms="4796" status="PASS">
          <reporter-output>
          </reporter-output>
        </test-method> <!-- beforeMethod -->
        <test-method signature="createLead(java.lang.String,java.lang.String,java.lang.String)[pri:0, instance:com.leafBot.testcases.TC002_LoginForFailure@18271936]" started-at="2022-09-30T14:47:43 IST" name="createLead" data-provider="fetchData" finished-at="2022-09-30T14:47:44 IST" duration-ms="1813" status="PASS">
          <params>
            <param index="0">
              <value>
                <![CDATA[DemoSalesManager]]>
              </value>
            </param>
            <param index="1">
              <value>
                <![CDATA[]]>
              </value>
            </param>
            <param index="2">
              <value>
                <![CDATA[password was empty reenter]]>
              </value>
            </param>
          </params>
          <reporter-output>
          </reporter-output>
        </test-method> <!-- createLead -->
        <test-method is-config="true" signature="afterMethod()[pri:0, instance:com.leafBot.testcases.TC002_LoginForFailure@18271936]" started-at="2022-09-30T14:47:44 IST" name="afterMethod" finished-at="2022-09-30T14:47:47 IST" duration-ms="2474" status="PASS">
          <reporter-output>
          </reporter-output>
        </test-method> <!-- afterMethod -->
        <test-method is-config="true" signature="beforeMethod()[pri:0, instance:com.leafBot.testcases.TC002_LoginForFailure@18271936]" started-at="2022-09-30T14:47:47 IST" name="beforeMethod" finished-at="2022-09-30T14:47:49 IST" duration-ms="1792" status="PASS">
          <reporter-output>
          </reporter-output>
        </test-method> <!-- beforeMethod -->
        <test-method signature="createLead(java.lang.String,java.lang.String,java.lang.String)[pri:0, instance:com.leafBot.testcases.TC002_LoginForFailure@18271936]" started-at="2022-09-30T14:47:49 IST" name="createLead" data-provider="fetchData" finished-at="2022-09-30T14:47:50 IST" duration-ms="1225" status="PASS">
          <params>
            <param index="0">
              <value>
                <![CDATA[]]>
              </value>
            </param>
            <param index="1">
              <value>
                <![CDATA[crmsfa]]>
              </value>
            </param>
            <param index="2">
              <value>
                <![CDATA[username was empty reenter]]>
              </value>
            </param>
          </params>
          <reporter-output>
          </reporter-output>
        </test-method> <!-- createLead -->
        <test-method is-config="true" signature="afterMethod()[pri:0, instance:com.leafBot.testcases.TC002_LoginForFailure@18271936]" started-at="2022-09-30T14:47:50 IST" name="afterMethod" finished-at="2022-09-30T14:47:50 IST" duration-ms="157" status="PASS">
          <reporter-output>
          </reporter-output>
        </test-method> <!-- afterMethod -->
        <test-method is-config="true" signature="beforeMethod()[pri:0, instance:com.leafBot.testcases.TC002_LoginForFailure@18271936]" started-at="2022-09-30T14:47:50 IST" name="beforeMethod" finished-at="2022-09-30T14:47:52 IST" duration-ms="1924" status="PASS">
          <reporter-output>
          </reporter-output>
        </test-method> <!-- beforeMethod -->
        <test-method signature="createLead(java.lang.String,java.lang.String,java.lang.String)[pri:0, instance:com.leafBot.testcases.TC002_LoginForFailure@18271936]" started-at="2022-09-30T14:47:52 IST" name="createLead" data-provider="fetchData" finished-at="2022-09-30T14:47:53 IST" duration-ms="1368" status="PASS">
          <params>
            <param index="0">
              <value>
                <![CDATA[DemoSalesManager1]]>
              </value>
            </param>
            <param index="1">
              <value>
                <![CDATA[crmsfa]]>
              </value>
            </param>
            <param index="2">
              <value>
                <![CDATA[User not found.]]>
              </value>
            </param>
          </params>
          <reporter-output>
          </reporter-output>
        </test-method> <!-- createLead -->
        <test-method is-config="true" signature="afterMethod()[pri:0, instance:com.leafBot.testcases.TC002_LoginForFailure@18271936]" started-at="2022-09-30T14:47:53 IST" name="afterMethod" finished-at="2022-09-30T14:47:53 IST" duration-ms="145" status="PASS">
          <reporter-output>
          </reporter-output>
        </test-method> <!-- afterMethod -->
        <test-method is-config="true" signature="beforeMethod()[pri:0, instance:com.leafBot.testcases.TC002_LoginForFailure@18271936]" started-at="2022-09-30T14:47:53 IST" name="beforeMethod" finished-at="2022-09-30T14:47:56 IST" duration-ms="2093" status="PASS">
          <reporter-output>
          </reporter-output>
        </test-method> <!-- beforeMethod -->
        <test-method signature="createLead(java.lang.String,java.lang.String,java.lang.String)[pri:0, instance:com.leafBot.testcases.TC002_LoginForFailure@18271936]" started-at="2022-09-30T14:47:56 IST" name="createLead" data-provider="fetchData" finished-at="2022-09-30T14:47:57 IST" duration-ms="1760" status="PASS">
          <params>
            <param index="0">
              <value>
                <![CDATA[DemoSalesManager]]>
              </value>
            </param>
            <param index="1">
              <value>
                <![CDATA[crmsfa1]]>
              </value>
            </param>
            <param index="2">
              <value>
                <![CDATA[Password incorrect.]]>
              </value>
            </param>
          </params>
          <reporter-output>
          </reporter-output>
        </test-method> <!-- createLead -->
        <test-method is-config="true" signature="afterMethod()[pri:0, instance:com.leafBot.testcases.TC002_LoginForFailure@18271936]" started-at="2022-09-30T14:47:57 IST" name="afterMethod" finished-at="2022-09-30T14:48:00 IST" duration-ms="2647" status="PASS">
          <reporter-output>
          </reporter-output>
        </test-method> <!-- afterMethod -->
        <test-method is-config="true" signature="tearDownClass()[pri:0, instance:com.leafBot.testcases.TC002_LoginForFailure@18271936]" started-at="2022-09-30T14:48:00 IST" name="tearDownClass" finished-at="2022-09-30T14:48:00 IST" duration-ms="3" status="PASS">
          <reporter-output>
          </reporter-output>
        </test-method> <!-- tearDownClass -->
      </class> <!-- com.leafBot.testcases.TC002_LoginForFailure -->
    </test> <!-- Test -->
  </suite> <!-- Suite -->
</testng-results>
