<?xml version="1.0" encoding="UTF-8"?>
<!-- Generated by org.testng.reporters.JUnitXMLReporter -->
<testsuite ignored="2" hostname="QA1073" failures="0" tests="5" name="Test" time="23.529" errors="0" timestamp="2022-09-30T14:48:00 IST">
  <testcase classname="com.leafBot.testcases.TC002_LoginForFailure" name="createLead" time="1.813"/>
  <testcase classname="com.leafBot.testcases.TC001_LoginLogOut" name="createLeaf" time="2.271"/>
  <testcase classname="com.leafBot.testcases.TC002_LoginForFailure" name="createLead" time="1.225"/>
  <testcase classname="com.leafBot.testcases.TC002_LoginForFailure" name="createLead" time="1.368"/>
  <testcase classname="com.leafBot.testcases.TC002_LoginForFailure" name="createLead" time="1.76"/>
  <testcase classname="utils.Reporter" name="@BeforeSuite startReport" time="0.0">
    <ignored/>
  </testcase> <!-- @BeforeSuite startReport -->
  <testcase classname="utils.Reporter" name="@AfterSuite stopReport" time="0.0">
    <ignored/>
  </testcase> <!-- @AfterSuite stopReport -->
</testsuite> <!-- Test -->
